<?xml version="1.0" encoding="UTF-8"?>
<testng-results skipped="0" failed="0" ignored="0" total="3" passed="3">
  <reporter-output>
  </reporter-output>
  <suite name="Surefire suite" duration-ms="37989" started-at="2023-12-20T06:47:02Z" finished-at="2023-12-20T06:47:40Z">
    <groups>
    </groups>
    <test name="Surefire test" duration-ms="37989" started-at="2023-12-20T06:47:02Z" finished-at="2023-12-20T06:47:40Z">
      <class name="ParaBank.ViewAccountInfoTest">
        <test-method status="PASS" signature="setUp(java.lang.String)[pri:0, instance:ParaBank.ViewAccountInfoTest@5a1c0542]" name="setUp" is-config="true" duration-ms="5328" started-at="2023-12-20T06:47:29Z" finished-at="2023-12-20T06:47:34Z">
          <params>
            <param index="0">
              <value>
                <![CDATA[chrome]]>
              </value>
            </param>
          </params>
          <reporter-output>
          </reporter-output>
        </test-method> <!-- setUp -->
        <test-method status="PASS" signature="testViewAccountBalancesAndTransactions()[pri:0, instance:ParaBank.ViewAccountInfoTest@5a1c0542]" name="testViewAccountBalancesAndTransactions" duration-ms="4818" started-at="2023-12-20T06:47:34Z" finished-at="2023-12-20T06:47:39Z">
          <reporter-output>
          </reporter-output>
        </test-method> <!-- testViewAccountBalancesAndTransactions -->
        <test-method status="PASS" signature="tearDown()[pri:0, instance:ParaBank.ViewAccountInfoTest@5a1c0542]" name="tearDown" is-config="true" duration-ms="853" started-at="2023-12-20T06:47:39Z" finished-at="2023-12-20T06:47:40Z">
          <reporter-output>
          </reporter-output>
        </test-method> <!-- tearDown -->
      </class> <!-- ParaBank.ViewAccountInfoTest -->
      <class name="ParaBank.UserLoginLogoutTest">
        <test-method status="PASS" signature="setUp(java.lang.String)[pri:0, instance:ParaBank.UserLoginLogoutTest@1f7030a6]" name="setUp" is-config="true" duration-ms="5717" started-at="2023-12-20T06:47:18Z" finished-at="2023-12-20T06:47:24Z">
          <params>
            <param index="0">
              <value>
                <![CDATA[chrome]]>
              </value>
            </param>
          </params>
          <reporter-output>
          </reporter-output>
        </test-method> <!-- setUp -->
        <test-method status="PASS" signature="testUserLoginAndLogout()[pri:0, instance:ParaBank.UserLoginLogoutTest@1f7030a6]" name="testUserLoginAndLogout" duration-ms="5383" started-at="2023-12-20T06:47:24Z" finished-at="2023-12-20T06:47:29Z">
          <reporter-output>
          </reporter-output>
        </test-method> <!-- testUserLoginAndLogout -->
      </class> <!-- ParaBank.UserLoginLogoutTest -->
      <class name="ParaBank.NewCustomerRegistrationTest">
        <test-method status="PASS" signature="setUp(java.lang.String)[pri:0, instance:ParaBank.NewCustomerRegistrationTest@56aac163]" name="setUp" is-config="true" duration-ms="10750" started-at="2023-12-20T06:47:02Z" finished-at="2023-12-20T06:47:13Z">
          <params>
            <param index="0">
              <value>
                <![CDATA[chrome]]>
              </value>
            </param>
          </params>
          <reporter-output>
          </reporter-output>
        </test-method> <!-- setUp -->
        <test-method status="PASS" signature="testNewCustomerRegistration()[pri:0, instance:ParaBank.NewCustomerRegistrationTest@56aac163]" name="testNewCustomerRegistration" duration-ms="4181" started-at="2023-12-20T06:47:13Z" finished-at="2023-12-20T06:47:17Z">
          <reporter-output>
          </reporter-output>
        </test-method> <!-- testNewCustomerRegistration -->
        <test-method status="PASS" signature="tearDown()[pri:0, instance:ParaBank.NewCustomerRegistrationTest@56aac163]" name="tearDown" is-config="true" duration-ms="921" started-at="2023-12-20T06:47:17Z" finished-at="2023-12-20T06:47:18Z">
          <reporter-output>
          </reporter-output>
        </test-method> <!-- tearDown -->
      </class> <!-- ParaBank.NewCustomerRegistrationTest -->
    </test> <!-- Surefire test -->
  </suite> <!-- Surefire suite -->
</testng-results>
