<?xml version="1.0" encoding="UTF-8"?>
<!-- Generated by org.testng.reporters.JUnitXMLReporter -->
<testsuite hostname="DESKTOP-KC49S8G" ignored="0" name="Surefire test" tests="3" failures="0" timestamp="20 Dec 2023 06:47:40 GMT" time="37.989" errors="0">
  <testcase name="testNewCustomerRegistration" time="4.181" classname="ParaBank.NewCustomerRegistrationTest"/>
  <testcase name="testUserLoginAndLogout" time="5.383" classname="ParaBank.UserLoginLogoutTest"/>
  <testcase name="testViewAccountBalancesAndTransactions" time="4.818" classname="ParaBank.ViewAccountInfoTest"/>
</testsuite> <!-- Surefire test -->
